Arguments: 
  /usr/bin/node /usr/share/yarn/bin/yarn.js add express-js

PATH: 
  /home/darius/.vscode-server/bin/054a9295330880ed74ceaedda236253b4f39a335/bin:/home/darius/.local/bin:/usr/local/sbin:/usr/local/bin:/usr/sbin:/usr/bin:/sbin:/bin:/usr/games:/usr/local/games:/mnt/c/Program Files/WindowsApps/Microsoft.WindowsTerminal_1.7.1033.0_x64__8wekyb3d8bbwe:/mnt/c/Program Files/ImageMagick-7.0.11-Q16-HDRI:/mnt/c/Program Files (x86)/Common Files/Oracle/Java/javapath:/mnt/c/Program Files (x86)/Razer Chroma SDK/bin:/mnt/c/Program Files/Razer Chroma SDK/bin:/mnt/c/Program Files (x86)/Razer/ChromaBroadcast/bin:/mnt/c/Program Files/Razer/ChromaBroadcast/bin:/mnt/c/Windows/system32:/mnt/c/Windows:/mnt/c/Windows/System32/Wbem:/mnt/c/Windows/System32/WindowsPowerShell/v1.0/:/mnt/c/Windows/System32/OpenSSH/:/mnt/c/Program Files (x86)/NVIDIA Corporation/PhysX/Common:/mnt/c/Program Files/NVIDIA Corporation/NVIDIA NvDLISR:/mnt/c/HashiCorp/Vagrant/bin:/mnt/c/Windows/system32/config/systemprofile/AppData/Local/Microsoft/WindowsApps:/mnt/c/Program Files (x86)/Brackets/command:/mnt/c/Program Files/nodejs/:/mnt/c/Program Files (x86)/Windows Live/Shared:/mnt/c/Program Files/dotnet/:/mnt/c/WINDOWS/system32:/mnt/c/WINDOWS:/mnt/c/WINDOWS/System32/Wbem:/mnt/c/WINDOWS/System32/WindowsPowerShell/v1.0/:/mnt/c/WINDOWS/System32/OpenSSH/:/mnt/c/Program Files/Git/cmd:/mnt/c/Program Files/Intel/WiFi/bin/:/mnt/c/Program Files/Common Files/Intel/WirelessCommon/:/mnt/c/Program Files (x86)/Yarn/bin/:/mnt/c/Program Files/PuTTY/:/mnt/c/Program Files (x86)/dotnet/:/mnt/c/Program Files/Docker/Docker/resources/bin:/mnt/c/ProgramData/DockerDesktop/version-bin:/mnt/c/ProgramData/chocolatey/bin:/mnt/c/Users/Darius/AppData/Local/BCML/bin:/mnt/c/Users/Darius/.cargo/bin:/mnt/c/Users/Darius/AppData/Local/Programs/Python/Python38-32/Scripts/:/mnt/c/Users/Darius/AppData/Local/Programs/Python/Python38-32/:/mnt/c/Users/Darius/AppData/Local/Microsoft/WindowsApps:/mnt/c/Users/Darius/AppData/Local/Programs/Microsoft VS Code/bin:/mnt/c/Users/Darius/AppData/Local/atom/bin:/mnt/c/Users/Darius/AppData/Roaming/npm:/mnt/c/Users/Darius/AppData/Local/Microsoft/WindowsApps:/mnt/c/Program Files/JetBrains/IntelliJ IDEA Community Edition 2020.2.3/bin:/mnt/c/Program Files/Intel/WiFi/bin/:/mnt/c/Program Files/Common Files/Intel/WirelessCommon/:/mnt/c/Users/Darius/AppData/Local/Yarn/bin:/mnt/c/Program Files/Docker:/mnt/c/Users/Darius/.pyenv/pyenv-win/bin:/mnt/c/Users/Darius/.pyenv/pyenv-win/shims:/snap/bin

Yarn version: 
  1.22.5

Node version: 
  14.17.0

Platform: 
  linux x64

Trace: 
  Error: https://registry.yarnpkg.com/express-js: Not found
      at Request.params.callback [as _callback] (/usr/share/yarn/lib/cli.js:66988:18)
      at Request.self.callback (/usr/share/yarn/lib/cli.js:140749:22)
      at Request.emit (events.js:376:20)
      at Request.<anonymous> (/usr/share/yarn/lib/cli.js:141721:10)
      at Request.emit (events.js:376:20)
      at IncomingMessage.<anonymous> (/usr/share/yarn/lib/cli.js:141643:12)
      at Object.onceWrapper (events.js:482:28)
      at IncomingMessage.emit (events.js:388:22)
      at endReadableNT (internal/streams/readable.js:1336:12)
      at processTicksAndRejections (internal/process/task_queues.js:82:21)

npm manifest: 
  {
    "name": "tm-replay-analysis-backend",
    "version": "1.0.0",
    "description": "backend for trackmania replay analysis",
    "main": "src/index.js",
    "scripts": {
      "start": "node src/index.js",
      "test": "echo \"Error: no test specified\" && exit 1"
    },
    "author": "LegenDarius",
    "license": "ISC"
  }

yarn manifest: 
  No manifest

Lockfile: 
  No lockfile
